app/build/intermediates/manifest_merge_blame_file/release/processReleaseMainManifest/manifest-merger-blame-release-report.txt
1<?xml version="1.0" encoding="utf-8"?>
2<manifest xmlns:android="http://schemas.android.com/apk/res/android"
3    package="com.navher.productos"
4    android:versionCode="1"
5    android:versionName="1.0" >
6
7    <uses-sdk
8        android:minSdkVersion="31"
9        android:targetSdkVersion="35" />
10
11    <uses-permission android:name="android.permission.ACCESS_NETWORK_STATE" />
11-->src\main\AndroidManifest.xml:5:5-79
11-->src\main\AndroidManifest.xml:5:22-76
12    <uses-permission android:name="android.permission.INTERNET" />
12-->src\main\AndroidManifest.xml:6:5-66
12-->src\main\AndroidManifest.xml:6:22-64
13
14    <permission
14-->[androidx.core:core:1.15.0] AndroidManifest.xml:22:5-24:47
15        android:name="com.navher.productos.DYNAMIC_RECEIVER_NOT_EXPORTED_PERMISSION"
15-->[androidx.core:core:1.15.0] AndroidManifest.xml:23:9-81
16        android:protectionLevel="signature" />
16-->[androidx.core:core:1.15.0] AndroidManifest.xml:24:9-44
17
18    <uses-permission android:name="com.navher.productos.DYNAMIC_RECEIVER_NOT_EXPORTED_PERMISSION" />
18-->[androidx.core:core:1.15.0] AndroidManifest.xml:26:5-97
18-->[androidx.core:core:1.15.0] AndroidManifest.xml:26:22-94
19    <uses-permission android:name="android.permission.REORDER_TASKS" />
19-->[androidx.test:core:1.5.0] AndroidManifest.xml:24:5-72
19-->[androidx.test:core:1.5.0] AndroidManifest.xml:24:22-69
20
21    <queries>
21-->[androidx.test:runner:1.5.0] AndroidManifest.xml:24:5-28:15
22        <package android:name="androidx.test.orchestrator" />
22-->[androidx.test:runner:1.5.0] AndroidManifest.xml:25:9-62
22-->[androidx.test:runner:1.5.0] AndroidManifest.xml:25:18-59
23        <package android:name="androidx.test.services" />
23-->[androidx.test:runner:1.5.0] AndroidManifest.xml:26:9-58
23-->[androidx.test:runner:1.5.0] AndroidManifest.xml:26:18-55
24        <package android:name="com.google.android.apps.common.testing.services" />
24-->[androidx.test:runner:1.5.0] AndroidManifest.xml:27:9-83
24-->[androidx.test:runner:1.5.0] AndroidManifest.xml:27:18-80
25    </queries>
26
27    <application
27-->src\main\AndroidManifest.xml:7:5-28:19
28        android:allowBackup="true"
28-->src\main\AndroidManifest.xml:8:9-35
29        android:appComponentFactory="androidx.core.app.CoreComponentFactory"
29-->[androidx.core:core:1.15.0] AndroidManifest.xml:28:18-86
30        android:dataExtractionRules="@xml/data_extraction_rules"
30-->src\main\AndroidManifest.xml:9:9-65
31        android:extractNativeLibs="false"
32        android:fullBackupContent="@xml/backup_rules"
32-->src\main\AndroidManifest.xml:10:9-54
33        android:icon="@mipmap/ic_launcher"
33-->src\main\AndroidManifest.xml:11:9-43
34        android:label="@string/app_name"
34-->src\main\AndroidManifest.xml:12:9-41
35        android:roundIcon="@mipmap/ic_launcher_round"
35-->src\main\AndroidManifest.xml:13:9-54
36        android:supportsRtl="true"
36-->src\main\AndroidManifest.xml:14:9-35
37        android:testOnly="true"
38        android:theme="@style/Theme.MyApplication" >
38-->src\main\AndroidManifest.xml:15:9-51
39        <activity
39-->src\main\AndroidManifest.xml:17:9-27:20
40            android:name="com.navher.myapplication.MainActivity"
40-->src\main\AndroidManifest.xml:18:13-41
41            android:exported="true"
41-->src\main\AndroidManifest.xml:19:13-36
42            android:label="@string/title_activity_main"
42-->src\main\AndroidManifest.xml:20:13-56
43            android:theme="@style/Theme.MyApplication" >
43-->src\main\AndroidManifest.xml:21:13-55
44            <intent-filter>
44-->src\main\AndroidManifest.xml:22:13-26:29
45                <action android:name="android.intent.action.MAIN" />
45-->src\main\AndroidManifest.xml:23:17-69
45-->src\main\AndroidManifest.xml:23:25-66
46
47                <category android:name="android.intent.category.LAUNCHER" />
47-->src\main\AndroidManifest.xml:25:17-77
47-->src\main\AndroidManifest.xml:25:27-74
48            </intent-filter>
49        </activity>
50        <!--
51        This activity is an invisible delegate activity to start scanner activity
52        and receive result, so it's unnecessary to support screen orientation and
53        we can avoid any side effect from activity recreation in any case.
54        -->
55        <activity
55-->[com.google.android.gms:play-services-code-scanner:16.1.0] AndroidManifest.xml:15:9-20:20
56            android:name="com.google.mlkit.vision.codescanner.internal.GmsBarcodeScanningDelegateActivity"
56-->[com.google.android.gms:play-services-code-scanner:16.1.0] AndroidManifest.xml:16:13-107
57            android:exported="false"
57-->[com.google.android.gms:play-services-code-scanner:16.1.0] AndroidManifest.xml:17:13-37
58            android:screenOrientation="portrait" >
58-->[com.google.android.gms:play-services-code-scanner:16.1.0] AndroidManifest.xml:18:13-49
59        </activity>
60
61        <service
61-->[com.google.android.gms:play-services-tflite-impl:16.4.0] AndroidManifest.xml:9:9-21:19
62            android:name="com.google.android.gms.metadata.ModuleDependencies"
62-->[com.google.android.gms:play-services-tflite-impl:16.4.0] AndroidManifest.xml:10:13-78
63            android:enabled="false"
63-->[com.google.android.gms:play-services-tflite-impl:16.4.0] AndroidManifest.xml:11:13-36
64            android:exported="false" >
64-->[com.google.android.gms:play-services-tflite-impl:16.4.0] AndroidManifest.xml:12:13-37
65            <intent-filter>
65-->[com.google.android.gms:play-services-tflite-impl:16.4.0] AndroidManifest.xml:14:13-16:29
66                <action android:name="com.google.android.gms.metadata.MODULE_DEPENDENCIES" />
66-->[com.google.android.gms:play-services-tflite-impl:16.4.0] AndroidManifest.xml:15:17-94
66-->[com.google.android.gms:play-services-tflite-impl:16.4.0] AndroidManifest.xml:15:25-91
67            </intent-filter>
68
69            <meta-data
69-->[com.google.android.gms:play-services-tflite-impl:16.4.0] AndroidManifest.xml:18:13-20:36
70                android:name="tflite_dynamite:3:required"
70-->[com.google.android.gms:play-services-tflite-impl:16.4.0] AndroidManifest.xml:19:17-58
71                android:value="" />
71-->[com.google.android.gms:play-services-tflite-impl:16.4.0] AndroidManifest.xml:20:17-33
72        </service>
73        <service
73-->[com.google.mlkit:vision-common:17.0.0] AndroidManifest.xml:9:9-15:19
74            android:name="com.google.mlkit.common.internal.MlKitComponentDiscoveryService"
74-->[com.google.mlkit:vision-common:17.0.0] AndroidManifest.xml:10:13-91
75            android:directBootAware="true"
75-->[com.google.mlkit:common:18.9.0] AndroidManifest.xml:17:13-43
76            android:exported="false" >
76-->[com.google.mlkit:vision-common:17.0.0] AndroidManifest.xml:11:13-37
77            <meta-data
77-->[com.google.mlkit:vision-common:17.0.0] AndroidManifest.xml:12:13-14:85
78                android:name="com.google.firebase.components:com.google.mlkit.vision.common.internal.VisionCommonRegistrar"
78-->[com.google.mlkit:vision-common:17.0.0] AndroidManifest.xml:13:17-124
79                android:value="com.google.firebase.components.ComponentRegistrar" />
79-->[com.google.mlkit:vision-common:17.0.0] AndroidManifest.xml:14:17-82
80            <meta-data
80-->[com.google.mlkit:common:18.9.0] AndroidManifest.xml:20:13-22:85
81                android:name="com.google.firebase.components:com.google.mlkit.common.internal.CommonComponentRegistrar"
81-->[com.google.mlkit:common:18.9.0] AndroidManifest.xml:21:17-120
82                android:value="com.google.firebase.components.ComponentRegistrar" />
82-->[com.google.mlkit:common:18.9.0] AndroidManifest.xml:22:17-82
83        </service>
84
85        <provider
85-->[com.google.mlkit:common:18.9.0] AndroidManifest.xml:9:9-13:38
86            android:name="com.google.mlkit.common.internal.MlKitInitProvider"
86-->[com.google.mlkit:common:18.9.0] AndroidManifest.xml:10:13-78
87            android:authorities="com.navher.productos.mlkitinitprovider"
87-->[com.google.mlkit:common:18.9.0] AndroidManifest.xml:11:13-69
88            android:exported="false"
88-->[com.google.mlkit:common:18.9.0] AndroidManifest.xml:12:13-37
89            android:initOrder="99" />
89-->[com.google.mlkit:common:18.9.0] AndroidManifest.xml:13:13-35
90
91        <activity
91-->[com.google.android.gms:play-services-base:18.5.0] AndroidManifest.xml:5:9-173
92            android:name="com.google.android.gms.common.api.GoogleApiActivity"
92-->[com.google.android.gms:play-services-base:18.5.0] AndroidManifest.xml:5:19-85
93            android:exported="false"
93-->[com.google.android.gms:play-services-base:18.5.0] AndroidManifest.xml:5:146-170
94            android:theme="@android:style/Theme.Translucent.NoTitleBar" />
94-->[com.google.android.gms:play-services-base:18.5.0] AndroidManifest.xml:5:86-145
95
96        <meta-data
96-->[com.google.android.gms:play-services-basement:18.4.0] AndroidManifest.xml:6:9-122
97            android:name="com.google.android.gms.version"
97-->[com.google.android.gms:play-services-basement:18.4.0] AndroidManifest.xml:6:20-65
98            android:value="@integer/google_play_services_version" />
98-->[com.google.android.gms:play-services-basement:18.4.0] AndroidManifest.xml:6:66-119
99
100        <provider
100-->[androidx.emoji2:emoji2:1.3.0] AndroidManifest.xml:24:9-32:20
101            android:name="androidx.startup.InitializationProvider"
101-->[androidx.emoji2:emoji2:1.3.0] AndroidManifest.xml:25:13-67
102            android:authorities="com.navher.productos.androidx-startup"
102-->[androidx.emoji2:emoji2:1.3.0] AndroidManifest.xml:26:13-68
103            android:exported="false" >
103-->[androidx.emoji2:emoji2:1.3.0] AndroidManifest.xml:27:13-37
104            <meta-data
104-->[androidx.emoji2:emoji2:1.3.0] AndroidManifest.xml:29:13-31:52
105                android:name="androidx.emoji2.text.EmojiCompatInitializer"
105-->[androidx.emoji2:emoji2:1.3.0] AndroidManifest.xml:30:17-75
106                android:value="androidx.startup" />
106-->[androidx.emoji2:emoji2:1.3.0] AndroidManifest.xml:31:17-49
107            <meta-data
107-->[io.github.jan-tennert.supabase:auth-kt-android:3.1.1] AndroidManifest.xml:14:13-16:52
108                android:name="io.github.jan.supabase.auth.SupabaseInitializer"
108-->[io.github.jan-tennert.supabase:auth-kt-android:3.1.1] AndroidManifest.xml:15:17-79
109                android:value="androidx.startup" />
109-->[io.github.jan-tennert.supabase:auth-kt-android:3.1.1] AndroidManifest.xml:16:17-49
110            <meta-data
110-->[androidx.lifecycle:lifecycle-process:2.8.7] AndroidManifest.xml:29:13-31:52
111                android:name="androidx.lifecycle.ProcessLifecycleInitializer"
111-->[androidx.lifecycle:lifecycle-process:2.8.7] AndroidManifest.xml:30:17-78
112                android:value="androidx.startup" />
112-->[androidx.lifecycle:lifecycle-process:2.8.7] AndroidManifest.xml:31:17-49
113            <meta-data
113-->[androidx.profileinstaller:profileinstaller:1.4.0] AndroidManifest.xml:29:13-31:52
114                android:name="androidx.profileinstaller.ProfileInstallerInitializer"
114-->[androidx.profileinstaller:profileinstaller:1.4.0] AndroidManifest.xml:30:17-85
115                android:value="androidx.startup" />
115-->[androidx.profileinstaller:profileinstaller:1.4.0] AndroidManifest.xml:31:17-49
116            <meta-data
116-->[com.russhwolf:multiplatform-settings-no-arg-android:1.3.0] AndroidManifest.xml:29:13-31:52
117                android:name="com.russhwolf.settings.SettingsInitializer"
117-->[com.russhwolf:multiplatform-settings-no-arg-android:1.3.0] AndroidManifest.xml:30:17-74
118                android:value="androidx.startup" />
118-->[com.russhwolf:multiplatform-settings-no-arg-android:1.3.0] AndroidManifest.xml:31:17-49
119        </provider>
120
121        <activity
121-->[androidx.test:core:1.5.0] AndroidManifest.xml:27:9-34:20
122            android:name="androidx.test.core.app.InstrumentationActivityInvoker$BootstrapActivity"
122-->[androidx.test:core:1.5.0] AndroidManifest.xml:28:13-99
123            android:exported="true"
123-->[androidx.test:core:1.5.0] AndroidManifest.xml:29:13-36
124            android:theme="@style/WhiteBackgroundTheme" >
124-->[androidx.test:core:1.5.0] AndroidManifest.xml:30:13-56
125            <intent-filter android:priority="-100" >
125-->[androidx.test:core:1.5.0] AndroidManifest.xml:31:13-33:29
125-->[androidx.test:core:1.5.0] AndroidManifest.xml:31:28-51
126                <category android:name="android.intent.category.LAUNCHER" />
126-->src\main\AndroidManifest.xml:25:17-77
126-->src\main\AndroidManifest.xml:25:27-74
127            </intent-filter>
128        </activity>
129        <activity
129-->[androidx.test:core:1.5.0] AndroidManifest.xml:35:9-42:20
130            android:name="androidx.test.core.app.InstrumentationActivityInvoker$EmptyActivity"
130-->[androidx.test:core:1.5.0] AndroidManifest.xml:36:13-95
131            android:exported="true"
131-->[androidx.test:core:1.5.0] AndroidManifest.xml:37:13-36
132            android:theme="@style/WhiteBackgroundTheme" >
132-->[androidx.test:core:1.5.0] AndroidManifest.xml:38:13-56
133            <intent-filter android:priority="-100" >
133-->[androidx.test:core:1.5.0] AndroidManifest.xml:31:13-33:29
133-->[androidx.test:core:1.5.0] AndroidManifest.xml:31:28-51
134                <category android:name="android.intent.category.LAUNCHER" />
134-->src\main\AndroidManifest.xml:25:17-77
134-->src\main\AndroidManifest.xml:25:27-74
135            </intent-filter>
136        </activity>
137        <activity
137-->[androidx.test:core:1.5.0] AndroidManifest.xml:43:9-50:20
138            android:name="androidx.test.core.app.InstrumentationActivityInvoker$EmptyFloatingActivity"
138-->[androidx.test:core:1.5.0] AndroidManifest.xml:44:13-103
139            android:exported="true"
139-->[androidx.test:core:1.5.0] AndroidManifest.xml:45:13-36
140            android:theme="@style/WhiteBackgroundDialogTheme" >
140-->[androidx.test:core:1.5.0] AndroidManifest.xml:46:13-62
141            <intent-filter android:priority="-100" >
141-->[androidx.test:core:1.5.0] AndroidManifest.xml:31:13-33:29
141-->[androidx.test:core:1.5.0] AndroidManifest.xml:31:28-51
142                <category android:name="android.intent.category.LAUNCHER" />
142-->src\main\AndroidManifest.xml:25:17-77
142-->src\main\AndroidManifest.xml:25:27-74
143            </intent-filter>
144        </activity>
145
146        <service
146-->[com.google.android.datatransport:transport-backend-cct:2.3.3] AndroidManifest.xml:29:9-35:19
147            android:name="com.google.android.datatransport.runtime.backends.TransportBackendDiscovery"
147-->[com.google.android.datatransport:transport-backend-cct:2.3.3] AndroidManifest.xml:30:13-103
148            android:exported="false" >
148-->[com.google.android.datatransport:transport-backend-cct:2.3.3] AndroidManifest.xml:31:13-37
149            <meta-data
149-->[com.google.android.datatransport:transport-backend-cct:2.3.3] AndroidManifest.xml:32:13-34:39
150                android:name="backend:com.google.android.datatransport.cct.CctBackendFactory"
150-->[com.google.android.datatransport:transport-backend-cct:2.3.3] AndroidManifest.xml:33:17-94
151                android:value="cct" />
151-->[com.google.android.datatransport:transport-backend-cct:2.3.3] AndroidManifest.xml:34:17-36
152        </service>
153        <service
153-->[com.google.android.datatransport:transport-runtime:2.2.6] AndroidManifest.xml:26:9-30:19
154            android:name="com.google.android.datatransport.runtime.scheduling.jobscheduling.JobInfoSchedulerService"
154-->[com.google.android.datatransport:transport-runtime:2.2.6] AndroidManifest.xml:27:13-117
155            android:exported="false"
155-->[com.google.android.datatransport:transport-runtime:2.2.6] AndroidManifest.xml:28:13-37
156            android:permission="android.permission.BIND_JOB_SERVICE" >
156-->[com.google.android.datatransport:transport-runtime:2.2.6] AndroidManifest.xml:29:13-69
157        </service>
158
159        <receiver
159-->[com.google.android.datatransport:transport-runtime:2.2.6] AndroidManifest.xml:32:9-34:40
160            android:name="com.google.android.datatransport.runtime.scheduling.jobscheduling.AlarmManagerSchedulerBroadcastReceiver"
160-->[com.google.android.datatransport:transport-runtime:2.2.6] AndroidManifest.xml:33:13-132
161            android:exported="false" />
161-->[com.google.android.datatransport:transport-runtime:2.2.6] AndroidManifest.xml:34:13-37
162        <receiver
162-->[androidx.profileinstaller:profileinstaller:1.4.0] AndroidManifest.xml:34:9-52:20
163            android:name="androidx.profileinstaller.ProfileInstallReceiver"
163-->[androidx.profileinstaller:profileinstaller:1.4.0] AndroidManifest.xml:35:13-76
164            android:directBootAware="false"
164-->[androidx.profileinstaller:profileinstaller:1.4.0] AndroidManifest.xml:36:13-44
165            android:enabled="true"
165-->[androidx.profileinstaller:profileinstaller:1.4.0] AndroidManifest.xml:37:13-35
166            android:exported="true"
166-->[androidx.profileinstaller:profileinstaller:1.4.0] AndroidManifest.xml:38:13-36
167            android:permission="android.permission.DUMP" >
167-->[androidx.profileinstaller:profileinstaller:1.4.0] AndroidManifest.xml:39:13-57
168            <intent-filter>
168-->[androidx.profileinstaller:profileinstaller:1.4.0] AndroidManifest.xml:40:13-42:29
169                <action android:name="androidx.profileinstaller.action.INSTALL_PROFILE" />
169-->[androidx.profileinstaller:profileinstaller:1.4.0] AndroidManifest.xml:41:17-91
169-->[androidx.profileinstaller:profileinstaller:1.4.0] AndroidManifest.xml:41:25-88
170            </intent-filter>
171            <intent-filter>
171-->[androidx.profileinstaller:profileinstaller:1.4.0] AndroidManifest.xml:43:13-45:29
172                <action android:name="androidx.profileinstaller.action.SKIP_FILE" />
172-->[androidx.profileinstaller:profileinstaller:1.4.0] AndroidManifest.xml:44:17-85
172-->[androidx.profileinstaller:profileinstaller:1.4.0] AndroidManifest.xml:44:25-82
173            </intent-filter>
174            <intent-filter>
174-->[androidx.profileinstaller:profileinstaller:1.4.0] AndroidManifest.xml:46:13-48:29
175                <action android:name="androidx.profileinstaller.action.SAVE_PROFILE" />
175-->[androidx.profileinstaller:profileinstaller:1.4.0] AndroidManifest.xml:47:17-88
175-->[androidx.profileinstaller:profileinstaller:1.4.0] AndroidManifest.xml:47:25-85
176            </intent-filter>
177            <intent-filter>
177-->[androidx.profileinstaller:profileinstaller:1.4.0] AndroidManifest.xml:49:13-51:29
178                <action android:name="androidx.profileinstaller.action.BENCHMARK_OPERATION" />
178-->[androidx.profileinstaller:profileinstaller:1.4.0] AndroidManifest.xml:50:17-95
178-->[androidx.profileinstaller:profileinstaller:1.4.0] AndroidManifest.xml:50:25-92
179            </intent-filter>
180        </receiver>
181    </application>
182
183</manifest>